<?xml version="1.0" encoding="UTF-8"?>
<!-- Generated by org.testng.reporters.JUnitReportReporter -->
<testsuite hostname="WJLP-1503" failures="0" tests="1" name="tests.BrowserStackGestureTest" time="21.604" errors="0" timestamp="2025-09-17T09:13:05 IST" skipped="0">
  <testcase classname="tests.BrowserStackGestureTest" name="testGestures" time="21.604"/>
</testsuite> <!-- tests.BrowserStackGestureTest -->
