<?xml version="1.0" encoding="UTF-8"?>
<!-- Generated by org.testng.reporters.JUnitReportReporter -->
<testsuite hostname="WJLP-1503" failures="0" tests="1" name="tests.BrowserStackSampleTest" time="36.826" errors="0" timestamp="2025-09-16T18:09:08 IST" skipped="0">
  <testcase classname="tests.BrowserStackSampleTest" name="testWikipediaSearchOnBrowserStack" time="36.826"/>
</testsuite> <!-- tests.BrowserStackSampleTest -->
